<?xml version="1.0" encoding="UTF-8"?>
<!-- Generated by org.testng.reporters.JUnitReportReporter -->
<testsuite skipped="0" hostname="Mistres-MacBook-Pro.local" name="OrangeHrm.OrangeHrm.BaseClass" tests="1" failures="0" timestamp="14 May 2020 18:34:47 GMT" time="0.649" errors="0">
  <testcase name="getScreenShot" time="0.649" classname="OrangeHrm.OrangeHrm.BaseClass"/>
</testsuite> <!-- OrangeHrm.OrangeHrm.BaseClass -->
